nohup: ignoring input

> car-lens@0.1.0 dev
> next dev

   ▲ Next.js 15.2.1
   - Local:        http://localhost:3000
   - Network:      http://10.0.0.35:3000

 ✓ Starting...
 ✓ Ready in 2.7s
 ○ Compiling / ...
 ✓ Compiled / in 5s (793 modules)
 GET / 200 in 6089ms
 ✓ Compiled in 1122ms (346 modules)
 ✓ Compiled in 272ms (346 modules)
 ✓ Compiled in 221ms (346 modules)
 ✓ Compiled in 229ms (346 modules)
 ✓ Compiled in 217ms (346 modules)
 ✓ Compiled in 210ms (346 modules)
 ✓ Compiled in 222ms (346 modules)
 ✓ Compiled in 217ms (346 modules)
 ✓ Compiled in 209ms (346 modules)
 ✓ Compiled in 198ms (346 modules)
 ○ Compiling /login ...
 ✓ Compiled /login in 3.2s (812 modules)
 GET /login 200 in 3466ms
 GET /login 200 in 154ms
 GET /login 200 in 109ms
 ✓ Compiled in 747ms (354 modules)
 GET /login 200 in 158ms
 ✓ Compiled in 309ms (354 modules)
 GET /login 200 in 154ms
 GET /login 200 in 168ms
 ✓ Compiled in 404ms (354 modules)
 GET /login 200 in 346ms
 ✓ Compiled in 342ms (354 modules)
 ✓ Compiled in 208ms (354 modules)
 ✓ Compiled in 200ms (354 modules)
 ✓ Compiled in 208ms (354 modules)
 ✓ Compiled in 205ms (354 modules)
 ✓ Compiled in 196ms (354 modules)
 ✓ Compiled in 197ms (354 modules)
 ✓ Compiled in 197ms (354 modules)
 ✓ Compiled in 201ms (354 modules)
 ✓ Compiled in 205ms (354 modules)
 ✓ Compiled in 197ms (354 modules)
 ✓ Compiled in 200ms (354 modules)
 ✓ Compiled in 196ms (354 modules)
 ✓ Compiled in 203ms (354 modules)
 ✓ Compiled in 208ms (354 modules)
 ✓ Compiled in 212ms (354 modules)
 ○ Compiling /dashboard ...
 ✓ Compiled /dashboard in 2.7s (1065 modules)
 GET /dashboard 200 in 2977ms
 GET /dashboard 200 in 98ms
 ✓ Compiled in 495ms (479 modules)
 GET /dashboard 200 in 236ms
 GET /dashboard 200 in 98ms
 ✓ Compiled in 358ms (479 modules)
 GET /dashboard 200 in 215ms
 ✓ Compiled in 281ms (479 modules)
 GET /dashboard 200 in 203ms
 ✓ Compiled in 271ms (479 modules)
 GET /dashboard 200 in 89ms
 ✓ Compiled in 238ms (479 modules)
 GET /dashboard 200 in 233ms
 ✓ Compiled in 270ms (479 modules)
 GET /dashboard 200 in 187ms
 ✓ Compiled in 265ms (479 modules)
 GET /dashboard 200 in 185ms
 ✓ Compiled in 246ms (479 modules)
 GET /dashboard 200 in 188ms
 ✓ Compiled in 259ms (479 modules)
 GET /dashboard 200 in 96ms
 ✓ Compiled in 257ms (479 modules)
 GET /dashboard 200 in 223ms
 ✓ Compiled in 259ms (479 modules)
 GET /dashboard 200 in 198ms
 ✓ Compiled in 267ms (479 modules)
 GET /dashboard 200 in 181ms
 ✓ Compiled in 265ms (479 modules)
 GET /dashboard 200 in 207ms
 ✓ Compiled in 283ms (479 modules)
 GET /dashboard 200 in 179ms
 ✓ Compiled in 241ms (479 modules)
 GET /dashboard 200 in 201ms
 ✓ Compiled in 272ms (479 modules)
 GET /dashboard 200 in 174ms
 ✓ Compiled in 245ms (479 modules)
 GET /dashboard 200 in 170ms
 ✓ Compiled in 240ms (479 modules)
 GET /dashboard 200 in 248ms
 ✓ Compiled in 326ms (479 modules)
 GET /dashboard 200 in 210ms
 ✓ Compiled in 281ms (479 modules)
 GET /dashboard 200 in 188ms
 ✓ Compiled in 249ms (479 modules)
 GET /dashboard 200 in 167ms
 ✓ Compiled in 238ms (479 modules)
 GET /dashboard 200 in 185ms
 ✓ Compiled in 267ms (479 modules)
 GET /dashboard 200 in 196ms
 ✓ Compiled in 271ms (479 modules)
 GET /dashboard 200 in 181ms
 ✓ Compiled in 255ms (479 modules)
 GET /dashboard 200 in 179ms
 ✓ Compiled in 246ms (479 modules)
 GET /dashboard 200 in 187ms
 ✓ Compiled in 261ms (479 modules)
 GET /dashboard 200 in 195ms
 ✓ Compiled in 266ms (479 modules)
 GET /dashboard 200 in 174ms
 ✓ Compiled in 231ms (479 modules)
 GET /dashboard 200 in 161ms
 ✓ Compiled in 240ms (479 modules)
 GET /dashboard 200 in 200ms
 ✓ Compiled in 274ms (479 modules)
 GET /dashboard 200 in 174ms
 ✓ Compiled in 250ms (479 modules)
 GET /dashboard 200 in 202ms
 ✓ Compiled in 235ms (479 modules)
 GET /dashboard 200 in 171ms
 ✓ Compiled in 236ms (479 modules)
 GET /dashboard 200 in 81ms
 ✓ Compiled in 221ms (479 modules)
 GET /dashboard 200 in 199ms
 ✓ Compiled in 229ms (479 modules)
 GET /dashboard 200 in 205ms
 ✓ Compiled in 236ms (479 modules)
 GET /dashboard 200 in 172ms
 ✓ Compiled in 231ms (479 modules)
 GET /dashboard 200 in 180ms
 ✓ Compiled in 262ms (479 modules)
 GET /dashboard 200 in 162ms
 ✓ Compiled in 239ms (479 modules)
 GET /dashboard 200 in 178ms
 ✓ Compiled in 262ms (479 modules)
 GET /dashboard 200 in 190ms
 ✓ Compiled in 272ms (479 modules)
 GET /dashboard 200 in 184ms
 ✓ Compiled in 255ms (479 modules)
 GET /dashboard 200 in 201ms
 ✓ Compiled in 262ms (479 modules)
 GET /dashboard 200 in 169ms
 ✓ Compiled in 240ms (479 modules)
 GET /dashboard 200 in 156ms
 ✓ Compiled in 227ms (479 modules)
 GET /dashboard 200 in 49ms
 ✓ Compiled in 237ms (479 modules)
 GET /dashboard 200 in 110ms
 ✓ Compiled in 282ms (479 modules)
 GET /dashboard 200 in 91ms
 ✓ Compiled in 283ms (479 modules)
 GET /dashboard 200 in 281ms
 ✓ Compiled in 317ms (479 modules)
 GET /dashboard 200 in 231ms
 ✓ Compiled in 266ms (479 modules)
 GET /dashboard 200 in 187ms
 ✓ Compiled in 255ms (479 modules)
 GET /dashboard 200 in 168ms
 ✓ Compiled in 231ms (479 modules)
 GET /dashboard 200 in 166ms
 ✓ Compiled in 224ms (479 modules)
 GET /dashboard 200 in 180ms
 ✓ Compiled in 240ms (479 modules)
 GET /dashboard 200 in 173ms
 ✓ Compiled in 246ms (479 modules)
 GET /dashboard 200 in 159ms
 ✓ Compiled in 227ms (479 modules)
 GET /dashboard 200 in 168ms
 ✓ Compiled in 249ms (479 modules)
 GET /dashboard 200 in 164ms
 ✓ Compiled in 242ms (479 modules)
 GET /dashboard 200 in 165ms
 ✓ Compiled in 249ms (479 modules)
 GET /dashboard 200 in 94ms
 ✓ Compiled in 268ms (479 modules)
 GET /dashboard 200 in 200ms
 ✓ Compiled in 269ms (479 modules)
 GET /dashboard 200 in 190ms
 ✓ Compiled in 253ms (479 modules)
 GET /dashboard 200 in 175ms
 ✓ Compiled in 255ms (479 modules)
 GET /dashboard 200 in 217ms
 ✓ Compiled in 333ms (479 modules)
 GET /dashboard 200 in 226ms
 ✓ Compiled in 282ms (479 modules)
 GET /dashboard 200 in 191ms
 ✓ Compiled in 255ms (479 modules)
 GET /dashboard 200 in 173ms
 ✓ Compiled in 249ms (479 modules)
 GET /dashboard 200 in 169ms
 ✓ Compiled in 249ms (479 modules)
 GET /dashboard 200 in 200ms
 ✓ Compiled in 277ms (479 modules)
 GET /dashboard 200 in 218ms
 ✓ Compiled in 278ms (479 modules)
 GET /dashboard 200 in 216ms
 ✓ Compiled in 279ms (479 modules)
 GET /dashboard 200 in 215ms
 ✓ Compiled in 275ms (479 modules)
 GET /dashboard 200 in 190ms
 ✓ Compiled in 253ms (479 modules)
 GET /dashboard 200 in 215ms
 ✓ Compiled in 277ms (479 modules)
 GET /dashboard 200 in 190ms
 ✓ Compiled in 249ms (479 modules)
 GET /dashboard 200 in 167ms
 ✓ Compiled in 245ms (479 modules)
 GET /dashboard 200 in 202ms
 ✓ Compiled in 272ms (479 modules)
 GET /dashboard 200 in 181ms
 ✓ Compiled in 258ms (479 modules)
 GET /dashboard 200 in 184ms
 ✓ Compiled in 246ms (479 modules)
 GET /dashboard 200 in 199ms
 ✓ Compiled in 260ms (479 modules)
 GET /dashboard 200 in 152ms
 ✓ Compiled in 224ms (479 modules)
 GET /dashboard 200 in 191ms
 ✓ Compiled in 251ms (479 modules)
 GET /dashboard 200 in 172ms
 ✓ Compiled in 228ms (479 modules)
 GET /dashboard 200 in 177ms
 ✓ Compiled in 234ms (479 modules)
 GET /dashboard 200 in 181ms
 ✓ Compiled in 242ms (479 modules)
 GET /dashboard 200 in 182ms
 ✓ Compiled in 240ms (479 modules)
 GET /dashboard 200 in 194ms
 ✓ Compiled in 253ms (479 modules)
 GET /dashboard 200 in 168ms
 ✓ Compiled in 227ms (479 modules)
 GET /dashboard 200 in 168ms
 ✓ Compiled in 381ms (479 modules)
 GET /dashboard 200 in 178ms
 ✓ Compiled in 256ms (479 modules)
 GET /dashboard 200 in 172ms
 ✓ Compiled in 238ms (479 modules)
 GET /dashboard 200 in 171ms
 ✓ Compiled in 225ms (479 modules)
 GET /dashboard 200 in 172ms
 ✓ Compiled in 226ms (479 modules)
 GET /dashboard 200 in 158ms
 ✓ Compiled in 225ms (479 modules)
 GET /dashboard 200 in 175ms
 ✓ Compiled in 235ms (479 modules)
 GET /dashboard 200 in 161ms
 ✓ Compiled in 233ms (479 modules)
 GET /dashboard 200 in 168ms
 ✓ Compiled in 234ms (479 modules)
 GET /dashboard 200 in 218ms
 ✓ Compiled in 242ms (479 modules)
 GET /dashboard 200 in 193ms
 ✓ Compiled in 261ms (479 modules)
 GET /dashboard 200 in 155ms
 ✓ Compiled in 226ms (479 modules)
 GET /dashboard 200 in 168ms
 ✓ Compiled in 232ms (479 modules)
 GET /dashboard 200 in 170ms
 ✓ Compiled in 240ms (479 modules)
 GET /dashboard 200 in 158ms
 ✓ Compiled in 228ms (479 modules)
 GET /dashboard 200 in 151ms
 ✓ Compiled in 217ms (479 modules)
 GET /dashboard 200 in 180ms
 ✓ Compiled in 250ms (479 modules)
 GET /dashboard 200 in 162ms
 ✓ Compiled in 232ms (479 modules)
 GET /dashboard 200 in 162ms
 ✓ Compiled in 232ms (479 modules)
 GET /dashboard 200 in 159ms
 ✓ Compiled in 233ms (479 modules)
 GET /dashboard 200 in 163ms
 ✓ Compiled in 230ms (479 modules)
 GET /dashboard 200 in 163ms
 ✓ Compiled in 226ms (479 modules)
 GET /dashboard 200 in 176ms
 ✓ Compiled in 247ms (479 modules)
 GET /dashboard 200 in 153ms
 ✓ Compiled in 223ms (479 modules)
 GET /dashboard 200 in 171ms
 ✓ Compiled in 227ms (479 modules)
 GET /dashboard 200 in 163ms
 ✓ Compiled in 230ms (479 modules)
 GET /dashboard 200 in 192ms
 ✓ Compiled in 251ms (479 modules)
 GET /dashboard 200 in 166ms
 ✓ Compiled in 238ms (479 modules)
 GET /dashboard 200 in 156ms
 ✓ Compiled in 224ms (479 modules)
 GET /dashboard 200 in 178ms
 ✓ Compiled in 233ms (479 modules)
 GET /dashboard 200 in 151ms
 ✓ Compiled in 223ms (479 modules)
 GET /dashboard 200 in 159ms
 ✓ Compiled in 229ms (479 modules)
 GET /dashboard 200 in 156ms
 ✓ Compiled in 224ms (479 modules)
 GET /dashboard 200 in 164ms
 ✓ Compiled in 220ms (479 modules)
 GET /dashboard 200 in 156ms
 ✓ Compiled in 230ms (479 modules)
 GET /dashboard 200 in 174ms
 ✓ Compiled in 234ms (479 modules)
 GET /dashboard 200 in 159ms
 ✓ Compiled in 230ms (479 modules)
 GET /dashboard 200 in 49ms
 ✓ Compiled in 237ms (479 modules)
 GET /dashboard 200 in 170ms
 ✓ Compiled in 223ms (479 modules)
 GET /dashboard 200 in 151ms
 ✓ Compiled in 220ms (479 modules)
 GET /dashboard 200 in 170ms
 ✓ Compiled in 227ms (479 modules)
 GET /dashboard 200 in 160ms
 ✓ Compiled in 228ms (479 modules)
 GET /dashboard 200 in 168ms
 ✓ Compiled in 228ms (479 modules)
 GET /dashboard 200 in 158ms
 ✓ Compiled in 226ms (479 modules)
 GET /dashboard 200 in 200ms
 ✓ Compiled in 230ms (479 modules)
 GET /dashboard 200 in 196ms
 ✓ Compiled in 233ms (479 modules)
 GET /dashboard 200 in 204ms
 ✓ Compiled in 236ms (479 modules)
 GET /dashboard 200 in 179ms
 ✓ Compiled in 237ms (479 modules)
 GET /dashboard 200 in 149ms
 ✓ Compiled in 218ms (479 modules)
 GET /dashboard 200 in 201ms
 ✓ Compiled in 232ms (479 modules)
 GET /dashboard 200 in 174ms
 ✓ Compiled in 235ms (479 modules)
 GET /dashboard 200 in 156ms
 ✓ Compiled in 224ms (479 modules)
 GET /dashboard 200 in 184ms
 ✓ Compiled in 235ms (479 modules)
 GET /dashboard 200 in 199ms
 ✓ Compiled in 224ms (479 modules)
 GET /dashboard 200 in 205ms
 ✓ Compiled in 229ms (479 modules)
 GET /dashboard 200 in 179ms
 ✓ Compiled in 239ms (479 modules)
 GET /dashboard 200 in 162ms
 ✓ Compiled in 229ms (479 modules)
 GET /dashboard 200 in 163ms
 ✓ Compiled in 232ms (479 modules)
 GET /dashboard 200 in 151ms
 ✓ Compiled in 220ms (479 modules)
 GET /dashboard 200 in 156ms
 ✓ Compiled in 227ms (479 modules)
 GET /dashboard 200 in 164ms
 ✓ Compiled in 232ms (479 modules)
 GET /dashboard 200 in 171ms
 ✓ Compiled in 225ms (479 modules)
 GET /dashboard 200 in 155ms
 ✓ Compiled in 225ms (479 modules)
 GET /dashboard 200 in 167ms
 ✓ Compiled in 224ms (479 modules)
 GET /dashboard 200 in 153ms
 ✓ Compiled in 219ms (479 modules)
 GET /dashboard 200 in 161ms
 ✓ Compiled in 239ms (479 modules)
 GET /dashboard 200 in 167ms
 ✓ Compiled in 228ms (479 modules)
 GET /dashboard 200 in 166ms
 ✓ Compiled in 237ms (479 modules)
 GET /dashboard 200 in 154ms
 ✓ Compiled in 220ms (479 modules)
 GET /dashboard 200 in 152ms
 ✓ Compiled in 219ms (479 modules)
 GET /dashboard 200 in 182ms
 ✓ Compiled in 241ms (479 modules)
 GET /dashboard 200 in 176ms
 ✓ Compiled in 248ms (479 modules)
 GET /dashboard 200 in 168ms
 ✓ Compiled in 240ms (479 modules)
 GET /dashboard 200 in 179ms
 ✓ Compiled in 248ms (479 modules)
 GET /dashboard 200 in 156ms
 ✓ Compiled in 241ms (479 modules)
 GET /dashboard 200 in 162ms
 ✓ Compiled in 232ms (479 modules)
 GET /dashboard 200 in 167ms
 ✓ Compiled in 228ms (479 modules)
 GET /dashboard 200 in 163ms
 ✓ Compiled in 234ms (479 modules)
 GET /dashboard 200 in 164ms
 ✓ Compiled in 233ms (479 modules)
 GET /dashboard 200 in 188ms
 ✓ Compiled in 246ms (479 modules)
 GET /dashboard 200 in 175ms
 ✓ Compiled in 238ms (479 modules)
 GET /dashboard 200 in 172ms
 ✓ Compiled in 231ms (479 modules)
 GET /dashboard 200 in 166ms
 ✓ Compiled in 374ms (479 modules)
 GET /dashboard 200 in 182ms
 ✓ Compiled in 255ms (479 modules)
 GET /dashboard 200 in 47ms
 ✓ Compiled in 229ms (479 modules)
 GET /dashboard 200 in 158ms
 ✓ Compiled in 224ms (479 modules)
 GET /dashboard 200 in 164ms
 ✓ Compiled in 233ms (479 modules)
 GET /dashboard 200 in 164ms
 ✓ Compiled in 222ms (479 modules)
 GET /dashboard 200 in 204ms
 ✓ Compiled in 229ms (479 modules)
 GET /dashboard 200 in 181ms
 ✓ Compiled in 240ms (479 modules)
 GET /dashboard 200 in 169ms
 ✓ Compiled in 235ms (479 modules)
 GET /dashboard 200 in 178ms
 ✓ Compiled in 236ms (479 modules)
 GET /dashboard 200 in 149ms
 ✓ Compiled in 216ms (479 modules)
 GET /dashboard 200 in 165ms
 ✓ Compiled in 218ms (479 modules)
 GET /dashboard 200 in 148ms
 ✓ Compiled in 215ms (479 modules)
 GET /dashboard 200 in 152ms
 ✓ Compiled in 215ms (479 modules)
 GET /dashboard 200 in 152ms
 ✓ Compiled in 221ms (479 modules)
 GET /dashboard 200 in 173ms
 ✓ Compiled in 241ms (479 modules)
 GET /dashboard 200 in 180ms
 ✓ Compiled in 240ms (479 modules)
 GET /dashboard 200 in 181ms
 ✓ Compiled in 236ms (479 modules)
 GET /dashboard 200 in 155ms
 ✓ Compiled in 222ms (479 modules)
 GET /dashboard 200 in 153ms
 ✓ Compiled in 220ms (479 modules)
 GET /dashboard 200 in 155ms
 ✓ Compiled in 224ms (479 modules)
 GET /dashboard 200 in 167ms
 ✓ Compiled in 220ms (479 modules)
 GET /dashboard 200 in 158ms
 ✓ Compiled in 227ms (479 modules)
 GET /dashboard 200 in 158ms
 ✓ Compiled in 226ms (479 modules)
 GET /dashboard 200 in 177ms
 ✓ Compiled in 231ms (479 modules)
 GET /dashboard 200 in 159ms
 ✓ Compiled in 227ms (479 modules)
 GET /dashboard 200 in 163ms
 ✓ Compiled in 213ms (479 modules)
 GET /dashboard 200 in 201ms
 ✓ Compiled in 254ms (479 modules)
 GET /dashboard 200 in 149ms
 ✓ Compiled in 213ms (479 modules)
 GET /dashboard 200 in 170ms
 ✓ Compiled in 230ms (479 modules)
 GET /dashboard 200 in 152ms
 ✓ Compiled in 216ms (479 modules)
 GET /dashboard 200 in 161ms
 ✓ Compiled in 219ms (479 modules)
 GET /dashboard 200 in 162ms
 ✓ Compiled in 235ms (479 modules)
 GET /dashboard 200 in 164ms
 ✓ Compiled in 224ms (479 modules)
 GET /dashboard 200 in 158ms
 ✓ Compiled in 223ms (479 modules)
 GET /dashboard 200 in 162ms
 ✓ Compiled in 218ms (479 modules)
 GET /dashboard 200 in 151ms
 ✓ Compiled in 219ms (479 modules)
 GET /dashboard 200 in 172ms
 ✓ Compiled in 240ms (479 modules)
 GET /dashboard 200 in 163ms
 ✓ Compiled in 228ms (479 modules)
 GET /dashboard 200 in 171ms
 ✓ Compiled in 226ms (479 modules)
 GET /dashboard 200 in 151ms
 ✓ Compiled in 217ms (479 modules)
 GET /dashboard 200 in 159ms
 ✓ Compiled in 227ms (479 modules)
 GET /dashboard 200 in 177ms
 ✓ Compiled in 231ms (479 modules)
 GET /dashboard 200 in 165ms
 ✓ Compiled in 221ms (479 modules)
 GET /dashboard 200 in 165ms
 ✓ Compiled in 218ms (479 modules)
 GET /dashboard 200 in 169ms
 ✓ Compiled in 219ms (479 modules)
 GET /dashboard 200 in 158ms
 ✓ Compiled in 227ms (479 modules)
 GET /dashboard 200 in 154ms
 ✓ Compiled in 221ms (479 modules)
 GET /dashboard 200 in 158ms
 ✓ Compiled in 216ms (479 modules)
 GET /dashboard 200 in 150ms
 ✓ Compiled in 217ms (479 modules)
 GET /dashboard 200 in 160ms
 ✓ Compiled in 221ms (479 modules)
 GET /dashboard 200 in 170ms
 ✓ Compiled in 240ms (479 modules)
 GET /dashboard 200 in 169ms
 ✓ Compiled in 227ms (479 modules)
 GET /dashboard 200 in 166ms
 ✓ Compiled in 238ms (479 modules)
 GET /dashboard 200 in 170ms
 ✓ Compiled in 230ms (479 modules)
 GET /dashboard 200 in 160ms
 ✓ Compiled in 241ms (479 modules)
 GET /dashboard 200 in 186ms
 ✓ Compiled in 240ms (479 modules)
 GET /dashboard 200 in 150ms
 ✓ Compiled in 214ms (479 modules)
 GET /dashboard 200 in 160ms
 ✓ Compiled in 220ms (479 modules)
 GET /dashboard 200 in 162ms
 ✓ Compiled in 220ms (479 modules)
 GET /dashboard 200 in 169ms
 ✓ Compiled in 226ms (479 modules)
 GET /dashboard 200 in 152ms
 ✓ Compiled in 215ms (479 modules)
 GET /dashboard 200 in 159ms
 ✓ Compiled in 214ms (479 modules)
 GET /dashboard 200 in 169ms
 ✓ Compiled in 224ms (479 modules)
 GET /dashboard 200 in 171ms
 ✓ Compiled in 237ms (479 modules)
 GET /dashboard 200 in 157ms
 ✓ Compiled in 224ms (479 modules)
 GET /dashboard 200 in 172ms
 ✓ Compiled in 230ms (479 modules)
 GET /dashboard 200 in 184ms
 ✓ Compiled in 253ms (479 modules)
 GET /dashboard 200 in 154ms
 ✓ Compiled in 741ms (479 modules)
 GET /dashboard 200 in 252ms
 ✓ Compiled in 321ms (479 modules)
 GET /dashboard 200 in 173ms
 ✓ Compiled in 247ms (479 modules)
 GET /dashboard 200 in 165ms
 ✓ Compiled in 228ms (479 modules)
 GET /dashboard 200 in 228ms
 ✓ Compiled in 265ms (479 modules)
 GET /dashboard 200 in 215ms
 ✓ Compiled in 246ms (479 modules)
 GET /dashboard 200 in 234ms
 ✓ Compiled in 251ms (479 modules)
 GET /dashboard 200 in 181ms
 ✓ Compiled in 258ms (479 modules)
 GET /dashboard 200 in 156ms
 ✓ Compiled in 216ms (479 modules)
 GET /dashboard 200 in 177ms
 ✓ Compiled in 248ms (479 modules)
 GET /dashboard 200 in 186ms
 ✓ Compiled in 243ms (479 modules)
 GET /dashboard 200 in 170ms
 ✓ Compiled in 228ms (479 modules)
 GET /dashboard 200 in 163ms
 ✓ Compiled in 218ms (479 modules)
 GET /dashboard 200 in 178ms
 ✓ Compiled in 235ms (479 modules)
 GET /dashboard 200 in 176ms
 ✓ Compiled in 234ms (479 modules)
 GET /dashboard 200 in 159ms
 ✓ Compiled in 251ms (479 modules)
 GET /dashboard 200 in 153ms
 ✓ Compiled in 218ms (479 modules)
 GET /dashboard 200 in 159ms
 ✓ Compiled in 228ms (479 modules)
 GET /dashboard 200 in 166ms
 ✓ Compiled in 226ms (479 modules)
 GET /dashboard 200 in 167ms
 ✓ Compiled in 231ms (479 modules)
 GET /dashboard 200 in 222ms
 ✓ Compiled in 251ms (479 modules)
 GET /dashboard 200 in 214ms
 ✓ Compiled in 238ms (479 modules)
 GET /dashboard 200 in 206ms
 ✓ Compiled in 232ms (479 modules)
 GET /dashboard 200 in 207ms
 ✓ Compiled in 234ms (479 modules)
 GET /dashboard 200 in 198ms
 ✓ Compiled in 225ms (479 modules)
 GET /dashboard 200 in 91ms
 ✓ Compiled in 233ms (479 modules)
 GET /dashboard 200 in 208ms
 ✓ Compiled in 240ms (479 modules)
 ✓ Compiled in 192ms (479 modules)
 GET /dashboard 200 in 202ms
 ✓ Compiled in 233ms (479 modules)
 GET /dashboard 200 in 182ms
 ✓ Compiled in 243ms (479 modules)
 GET /dashboard 200 in 192ms
 ✓ Compiled in 222ms (479 modules)
 GET /dashboard 200 in 173ms
 ✓ Compiled in 234ms (479 modules)
 GET /dashboard 200 in 175ms
 GET /dashboard 200 in 74ms
 ✓ Compiled in 257ms (479 modules)
 GET /dashboard 200 in 227ms
 ✓ Compiled in 258ms (479 modules)
 GET /dashboard 200 in 193ms
 ✓ Compiled in 261ms (479 modules)
 GET /dashboard 200 in 189ms
 ✓ Compiled in 250ms (479 modules)
 GET /dashboard 200 in 164ms
 ✓ Compiled in 233ms (479 modules)
 GET /dashboard 200 in 174ms
 ✓ Compiled in 241ms (479 modules)
 GET /dashboard 200 in 175ms
 ✓ Compiled in 239ms (479 modules)
 GET /dashboard 200 in 205ms
 ✓ Compiled in 268ms (479 modules)
 GET /dashboard 200 in 183ms
 ✓ Compiled in 238ms (479 modules)
 GET /dashboard 200 in 162ms
 ✓ Compiled in 229ms (479 modules)
 GET /dashboard 200 in 155ms
 ✓ Compiled in 226ms (479 modules)
 GET /dashboard 200 in 162ms
 ✓ Compiled in 232ms (479 modules)
 GET /dashboard 200 in 156ms
 ✓ Compiled in 221ms (479 modules)
 GET /dashboard 200 in 175ms
 ✓ Compiled in 262ms (479 modules)
 GET /dashboard 200 in 188ms
 ✓ Compiled in 258ms (479 modules)
